  main.cpp
main.obj : error LNK2019: ссылка на неразрешенный внешний символ "public: __cdecl sf::String::String(char const *,class std::locale const &)" (??0String@sf@@QEAA@PEBDAEBVlocale@std@@@Z) в функции main.
main.obj : error LNK2019: ссылка на неразрешенный внешний символ "public: __cdecl sf::String::String(wchar_t const *)" (??0String@sf@@QEAA@PEB_W@Z) в функции main.
main.obj : error LNK2019: ссылка на неразрешенный внешний символ "public: __cdecl sf::VideoMode::VideoMode(unsigned int,unsigned int,unsigned int)" (??0VideoMode@sf@@QEAA@III@Z) в функции main.
main.obj : error LNK2019: ссылка на неразрешенный внешний символ "public: void __cdecl sf::Window::close(void)" (?close@Window@sf@@QEAAXXZ) в функции main.
main.obj : error LNK2019: ссылка на неразрешенный внешний символ "public: bool __cdecl sf::Window::isOpen(void)const " (?isOpen@Window@sf@@QEBA_NXZ) в функции main.
main.obj : error LNK2019: ссылка на неразрешенный внешний символ "public: bool __cdecl sf::Window::pollEvent(class sf::Event &)" (?pollEvent@Window@sf@@QEAA_NAEAVEvent@2@@Z) в функции main.
main.obj : error LNK2019: ссылка на неразрешенный внешний символ "public: void __cdecl sf::Window::display(void)" (?display@Window@sf@@QEAAXXZ) в функции main.
main.obj : error LNK2019: ссылка на неразрешенный внешний символ "public: virtual __cdecl sf::Transformable::~Transformable(void)" (??1Transformable@sf@@UEAA@XZ) в функции "public: virtual __cdecl sf::Sprite::~Sprite(void)" (??1Sprite@sf@@UEAA@XZ).
main.obj : error LNK2019: ссылка на неразрешенный внешний символ "public: void __cdecl sf::Transformable::setPosition(float,float)" (?setPosition@Transformable@sf@@QEAAXMM@Z) в функции main.
main.obj : error LNK2019: ссылка на неразрешенный внешний символ "public: __cdecl sf::Color::Color(unsigned char,unsigned char,unsigned char,unsigned char)" (??0Color@sf@@QEAA@EEEE@Z) в функции main.
main.obj : error LNK2019: ссылка на неразрешенный внешний символ "public: virtual __cdecl sf::Shape::~Shape(void)" (??1Shape@sf@@UEAA@XZ) в функции "public: virtual __cdecl sf::RectangleShape::~RectangleShape(void)" (??1RectangleShape@sf@@UEAA@XZ).
main.obj : error LNK2019: ссылка на неразрешенный внешний символ "public: void __cdecl sf::Shape::setFillColor(class sf::Color const &)" (?setFillColor@Shape@sf@@QEAAXAEBVColor@2@@Z) в функции main.
main.obj : error LNK2019: ссылка на неразрешенный внешний символ "public: void __cdecl sf::Shape::setOutlineColor(class sf::Color const &)" (?setOutlineColor@Shape@sf@@QEAAXAEBVColor@2@@Z) в функции main.
main.obj : error LNK2019: ссылка на неразрешенный внешний символ "public: void __cdecl sf::Shape::setOutlineThickness(float)" (?setOutlineThickness@Shape@sf@@QEAAXM@Z) в функции main.
main.obj : error LNK2019: ссылка на неразрешенный внешний символ "public: __cdecl sf::Texture::Texture(void)" (??0Texture@sf@@QEAA@XZ) в функции main.
main.obj : error LNK2019: ссылка на неразрешенный внешний символ "public: __cdecl sf::Texture::~Texture(void)" (??1Texture@sf@@QEAA@XZ) в функции main.
main.obj : error LNK2019: ссылка на неразрешенный внешний символ "public: bool __cdecl sf::Texture::loadFromFile(class std::basic_string<char,struct std::char_traits<char>,class std::allocator<char> > const &,class sf::Rect<int> const &)" (?loadFromFile@Texture@sf@@QEAA_NAEBV?$basic_string@DU?$char_traits@D@std@@V?$allocator@D@2@@std@@AEBV?$Rect@H@2@@Z) в функции main.
main.obj : error LNK2019: ссылка на неразрешенный внешний символ "public: __cdecl sf::Font::Font(void)" (??0Font@sf@@QEAA@XZ) в функции main.
main.obj : error LNK2019: ссылка на неразрешенный внешний символ "public: __cdecl sf::Font::~Font(void)" (??1Font@sf@@QEAA@XZ) в функции main.
main.obj : error LNK2019: ссылка на неразрешенный внешний символ "public: bool __cdecl sf::Font::loadFromFile(class std::basic_string<char,struct std::char_traits<char>,class std::allocator<char> > const &)" (?loadFromFile@Font@sf@@QEAA_NAEBV?$basic_string@DU?$char_traits@D@std@@V?$allocator@D@2@@std@@@Z) в функции main.
main.obj : error LNK2019: ссылка на неразрешенный внешний символ "public: __cdecl sf::RectangleShape::RectangleShape(class sf::Vector2<float> const &)" (??0RectangleShape@sf@@QEAA@AEBV?$Vector2@M@1@@Z) в функции main.
main.obj : error LNK2019: ссылка на неразрешенный внешний символ "public: void __cdecl sf::RenderTarget::clear(class sf::Color const &)" (?clear@RenderTarget@sf@@QEAAXAEBVColor@2@@Z) в функции main.
main.obj : error LNK2019: ссылка на неразрешенный внешний символ "public: void __cdecl sf::RenderTarget::draw(class sf::Drawable const &,class sf::RenderStates const &)" (?draw@RenderTarget@sf@@QEAAXAEBVDrawable@2@AEBVRenderStates@2@@Z) в функции main.
main.obj : error LNK2019: ссылка на неразрешенный внешний символ "public: __cdecl sf::RenderWindow::RenderWindow(class sf::VideoMode,class sf::String const &,unsigned int,struct sf::ContextSettings const &)" (??0RenderWindow@sf@@QEAA@VVideoMode@1@AEBVString@1@IAEBUContextSettings@1@@Z) в функции main.
main.obj : error LNK2019: ссылка на неразрешенный внешний символ "public: virtual __cdecl sf::RenderWindow::~RenderWindow(void)" (??1RenderWindow@sf@@UEAA@XZ) в функции main.
main.obj : error LNK2019: ссылка на неразрешенный внешний символ "public: __cdecl sf::Sprite::Sprite(class sf::Texture const &)" (??0Sprite@sf@@QEAA@AEBVTexture@1@@Z) в функции main.
main.obj : error LNK2019: ссылка на неразрешенный внешний символ "public: void __cdecl sf::Sprite::setColor(class sf::Color const &)" (?setColor@Sprite@sf@@QEAAXAEBVColor@2@@Z) в функции main.
main.obj : error LNK2019: ссылка на неразрешенный внешний символ "public: __cdecl sf::Text::Text(void)" (??0Text@sf@@QEAA@XZ) в функции main.
main.obj : error LNK2019: ссылка на неразрешенный внешний символ "public: void __cdecl sf::Text::setString(class sf::String const &)" (?setString@Text@sf@@QEAAXAEBVString@2@@Z) в функции main.
main.obj : error LNK2019: ссылка на неразрешенный внешний символ "public: void __cdecl sf::Text::setFont(class sf::Font const &)" (?setFont@Text@sf@@QEAAXAEBVFont@2@@Z) в функции main.
main.obj : error LNK2019: ссылка на неразрешенный внешний символ "public: void __cdecl sf::Text::setCharacterSize(unsigned int)" (?setCharacterSize@Text@sf@@QEAAXI@Z) в функции main.
main.obj : error LNK2019: ссылка на неразрешенный внешний символ "public: void __cdecl sf::Text::setFillColor(class sf::Color const &)" (?setFillColor@Text@sf@@QEAAXAEBVColor@2@@Z) в функции main.
main.obj : error LNK2001: неразрешенный внешний символ "public: static class sf::RenderStates const sf::RenderStates::Default" (?Default@RenderStates@sf@@2V12@B).
main.obj : error LNK2001: неразрешенный внешний символ "public: static class sf::Color const sf::Color::White" (?White@Color@sf@@2V12@B).
C:\Users\vlada\Desktop\SFML_Tutorial\SFML_Tutorial\SFML-2.5.1\lib\sfml-graphics.lib : warning LNK4272: тип компьютера библиотеки "x86" конфликтует с типом целевого компьютера "x64"
C:\Users\vlada\Desktop\SFML_Tutorial\SFML_Tutorial\SFML-2.5.1\lib\sfml-window.lib : warning LNK4272: тип компьютера библиотеки "x86" конфликтует с типом целевого компьютера "x64"
C:\Users\vlada\Desktop\SFML_Tutorial\SFML_Tutorial\SFML-2.5.1\lib\sfml-system.lib : warning LNK4272: тип компьютера библиотеки "x86" конфликтует с типом целевого компьютера "x64"
C:\Users\vlada\Desktop\SFML_Tutorial\x64\Debug\SFML_Tutorial.exe : fatal error LNK1120: неразрешенных внешних элементов: 34
